[html.vecurosoft.com/playrex/index04b9.html]
[backblue.gif]
[fade.gif]
[index.html]
[html.vecurosoft.com/playrex/assets/img/Logom1.png]
[html.vecurosoft.com/playrex/assets/css/bootstrap.min.css]
[html.vecurosoft.com/playrex/assets/css/landing-page-style.css]
[html.vecurosoft.com/playrex/index.html]
[html.vecurosoft.com/playrex/assets/img/hero-bg.jpg]
[html.vecurosoft.com/playrex/assets/img/hero-img.gif]
[html.vecurosoft.com/playrex/dark/index.html]
[html.vecurosoft.com/playrex/assets/img/pages/index.jpg]
[html.vecurosoft.com/playrex/assets/img/pages/index-2.jpg]
[html.vecurosoft.com/playrex/dark/index-2.html]
[html.vecurosoft.com/playrex/assets/img/pages/index-3.jpg]
[html.vecurosoft.com/playrex/dark/index-3.html]
[html.vecurosoft.com/playrex/light/index.html]
[html.vecurosoft.com/playrex/assets/img/pages/index-light.jpg]
[html.vecurosoft.com/playrex/assets/img/pages/index-2-light.jpg]
[html.vecurosoft.com/playrex/light/index-2.html]
[html.vecurosoft.com/playrex/assets/img/pages/index-3-light.jpg]
[html.vecurosoft.com/playrex/light/index-3.html]
[html.vecurosoft.com/playrex/assets/img/pages/about.jpg]
[html.vecurosoft.com/playrex/dark/about.html]
[html.vecurosoft.com/playrex/assets/img/pages/price-plan.jpg]
[html.vecurosoft.com/playrex/dark/price-plan.html]
[html.vecurosoft.com/playrex/assets/img/pages/team.jpg]
[html.vecurosoft.com/playrex/dark/team.html]
[html.vecurosoft.com/playrex/assets/img/pages/team-details.jpg]
[html.vecurosoft.com/playrex/dark/team-details.html]
[html.vecurosoft.com/playrex/assets/img/pages/blog.jpg]
[html.vecurosoft.com/playrex/dark/blog.html]
[html.vecurosoft.com/playrex/assets/img/pages/blog-details.jpg]
[html.vecurosoft.com/playrex/dark/blog-details.html]
[html.vecurosoft.com/playrex/assets/img/pages/player-details.jpg]
[html.vecurosoft.com/playrex/dark/player-details.html]
[html.vecurosoft.com/playrex/assets/img/pages/tournament-details.jpg]
[html.vecurosoft.com/playrex/dark/tournament-details.html]
[html.vecurosoft.com/playrex/assets/img/pages/faq.jpg]
[html.vecurosoft.com/playrex/dark/faq.html]
[html.vecurosoft.com/playrex/assets/img/pages/match.jpg]
[html.vecurosoft.com/playrex/dark/match.html]
[html.vecurosoft.com/playrex/assets/img/pages/match-details.jpg]
[html.vecurosoft.com/playrex/dark/match-details.html]
[html.vecurosoft.com/playrex/assets/img/pages/contact.jpg]
[html.vecurosoft.com/playrex/dark/contact.html]
[html.vecurosoft.com/playrex/assets/img/pages/shop.jpg]
[html.vecurosoft.com/playrex/dark/shop.html]
[html.vecurosoft.com/playrex/assets/img/pages/shop-details.jpg]
[html.vecurosoft.com/playrex/dark/shop-details.html]
[html.vecurosoft.com/playrex/assets/img/pages/cart.jpg]
[html.vecurosoft.com/playrex/dark/cart.html]
[html.vecurosoft.com/playrex/assets/img/pages/checkout.jpg]
[html.vecurosoft.com/playrex/dark/checkout.html]
[html.vecurosoft.com/playrex/assets/img/pages/error.jpg]
[html.vecurosoft.com/playrex/dark/error.html]
[html.vecurosoft.com/playrex/assets/img/responsive.gif]
[html.vecurosoft.com/playrex/assets/img/icons/layer-slider.png]
[html.vecurosoft.com/playrex/assets/img/icons/font-awesome.png]
[html.vecurosoft.com/playrex/assets/img/icons/bst.png]
[html.vecurosoft.com/playrex/assets/img/icons/ajax.png]
[html.vecurosoft.com/playrex/assets/img/icons/sass.png]
[html.vecurosoft.com/playrex/assets/img/icons/isotop.png]
[html.vecurosoft.com/playrex/assets/img/icons/browser.png]
[html.vecurosoft.com/playrex/assets/img/icons/layout.png]
[html.vecurosoft.com/playrex/assets/img/icons/slick.png]
[html.vecurosoft.com/playrex/assets/img/icons/coding.png]
[html.vecurosoft.com/playrex/assets/img/icons/support.png]
[html.vecurosoft.com/playrex/assets/img/footer-bg.jpg]
[html.vecurosoft.com/playrex/assets/js/vendor/jquery.min.js]
[html.vecurosoft.com/playrex/assets/js/isotope.pkgd.min.js]
[html.vecurosoft.com/playrex/assets/js/vsmenu.min.js]
[html.vecurosoft.com/playrex/assets/js/main.js]
[html.vecurosoft.com/playrex/index04b9.html]
[html.vecurosoft.com/playrex/assets/css/bootstrap.min.css]
[html.vecurosoft.com/playrex/assets/css/landing-page-style.css]
[html.vecurosoft.com/playrex/index.html]
[html.vecurosoft.com/playrex/assets/img/logo.svg]
[html.vecurosoft.com/playrex/assets/img/logo-2.svg]
[html.vecurosoft.com/playrex/dark/assets/img/Logom1.png]
[html.vecurosoft.com/playrex/dark/assets/css/app.min.css]
[html.vecurosoft.com/playrex/dark/assets/css/fontawesome.min.css]
[html.vecurosoft.com/playrex/dark/assets/css/style.css]
[html.vecurosoft.com/playrex/dark/assets/img/widget/gal-1-1.jpg]
[html.vecurosoft.com/playrex/dark/assets/img/widget/gal-1-2.jpg]
[html.vecurosoft.com/playrex/dark/assets/img/widget/gal-1-3.jpg]
[html.vecurosoft.com/playrex/dark/assets/img/widget/gal-1-4.jpg]
[html.vecurosoft.com/playrex/dark/assets/img/widget/gal-1-5.jpg]
[html.vecurosoft.com/playrex/dark/assets/img/widget/gal-1-6.jpg]
[html.vecurosoft.com/playrex/dark/assets/img/hero/hero-bg-1-1.jpg]
[html.vecurosoft.com/playrex/dark/assets/img/hero/hero-bg-1-2.jpg]
[html.vecurosoft.com/playrex/dark/assets/img/hero/hero-bg-1-3.jpg]
[html.vecurosoft.com/playrex/dark/assets/img/bg/match-bg-2-1.png]
[html.vecurosoft.com/playrex/dark/assets/img/bg/match-bg-2-1.jpg]
[html.vecurosoft.com/playrex/dark/assets/img/match/mt-av-2-1.jpg]
[html.vecurosoft.com/playrex/dark/assets/img/match/mt-av-2-2.jpg]
[html.vecurosoft.com/playrex/dark/assets/img/match/mt-av-2-3.jpg]
[html.vecurosoft.com/playrex/dark/assets/img/match/mt-av-2-4.jpg]
[html.vecurosoft.com/playrex/dark/assets/img/match/mt-av-2-5.jpg]
[html.vecurosoft.com/playrex/dark/assets/img/match/mt-av-2-6.jpg]
[html.vecurosoft.com/playrex/dark/assets/img/match/mt-av-2-7.jpg]
[html.vecurosoft.com/playrex/dark/assets/img/match/mt-av-2-8.jpg]
[html.vecurosoft.com/playrex/dark/assets/img/match/game-nav-1-3.jpg]
[html.vecurosoft.com/playrex/dark/assets/img/match/game-nav-1-2.jpg]
[html.vecurosoft.com/playrex/dark/assets/img/match/game-nav-1-1.jpg]
[html.vecurosoft.com/playrex/dark/assets/img/match/f-game-1-3.jpg]
[html.vecurosoft.com/playrex/dark/assets/img/match/f-game-1-2.jpg]
[html.vecurosoft.com/playrex/dark/assets/img/match/f-game-1-1.jpg]
[html.vecurosoft.com/playrex/dark/assets/img/bg/body-bg-1-1.png]
[html.vecurosoft.com/playrex/dark/assets/img/about/about-1-3.png]
[html.vecurosoft.com/playrex/dark/assets/img/icon/check-icon.png]
[html.vecurosoft.com/playrex/dark/assets/img/icon/counter-1-2.png]
[html.vecurosoft.com/playrex/dark/assets/img/icon/counter-1-3.png]
[html.vecurosoft.com/playrex/dark/assets/img/bg/body-bg-1-2.jpg]
[html.vecurosoft.com/playrex/dark/assets/img/player/player-1-1.png]
[html.vecurosoft.com/playrex/dark/assets/img/player/player-1-2.png]
[html.vecurosoft.com/playrex/dark/assets/img/player/player-1-3.png]
[html.vecurosoft.com/playrex/dark/assets/img/player/player-1-4.png]
[html.vecurosoft.com/playrex/dark/assets/img/player/player-1-5.png]
[html.vecurosoft.com/playrex/dark/assets/img/player/player-1-6.png]
[html.vecurosoft.com/playrex/dark/assets/img/player/player-1-7.png]
[html.vecurosoft.com/playrex/dark/assets/img/player/player-1-8.png]
[html.vecurosoft.com/playrex/dark/assets/img/player/player-1-9.png]
[html.vecurosoft.com/playrex/dark/assets/img/player/player-1-10.png]
[html.vecurosoft.com/playrex/dark/assets/img/player/player-1-11.png]
[html.vecurosoft.com/playrex/dark/assets/img/player/player-1-12.png]
[html.vecurosoft.com/playrex/dark/assets/img/player/player-1-13.png]
[html.vecurosoft.com/playrex/dark/assets/img/player/player-1-14.png]
[html.vecurosoft.com/playrex/dark/assets/img/player/player-1-15.png]
[html.vecurosoft.com/playrex/dark/assets/img/player/player-1-16.png]
[html.vecurosoft.com/playrex/dark/assets/img/player/player-1-17.png]
[html.vecurosoft.com/playrex/dark/assets/img/player/player-1-18.png]
[html.vecurosoft.com/playrex/dark/assets/img/player/player-1-19.png]
[html.vecurosoft.com/playrex/dark/assets/img/player/player-1-20.png]
[html.vecurosoft.com/playrex/dark/assets/img/player/player-1-21.png]
[html.vecurosoft.com/playrex/dark/assets/img/player/player-1-22.png]
[html.vecurosoft.com/playrex/dark/assets/img/player/player-1-23.png]
[html.vecurosoft.com/playrex/dark/assets/img/player/player-1-24.png]
[html.vecurosoft.com/playrex/dark/assets/img/bg/cta-bg-1-1.jpg]
[html.vecurosoft.com/playrex/dark/assets/img/bg/price-bg-1-1.jpg]
[html.vecurosoft.com/playrex/dark/assets/img/bg/match-bg-1-1.jpg]
[html.vecurosoft.com/playrex/dark/assets/img/bg/blog-1-1.jpg]
[html.vecurosoft.com/playrex/dark/assets/img/blog/blog-1-1.jpg]
[html.vecurosoft.com/playrex/dark/assets/img/blog/blog-1-2.jpg]
[html.vecurosoft.com/playrex/dark/assets/img/blog/blog-1-3.jpg]
[html.vecurosoft.com/playrex/dark/assets/img/blog/blog-1-4.jpg]
[html.vecurosoft.com/playrex/dark/assets/img/bg/footer-bg-1-1.jpg]
[html.vecurosoft.com/playrex/dark/assets/js/vendor/jquery-3.6.0.min.js]
[html.vecurosoft.com/playrex/dark/assets/js/app.min.js]
[html.vecurosoft.com/playrex/dark/assets/js/layerslider.utils.js]
[html.vecurosoft.com/playrex/dark/assets/js/layerslider.transitions.js]
[html.vecurosoft.com/playrex/dark/assets/js/layerslider.kreaturamedia.jquery.js]
[html.vecurosoft.com/playrex/dark/assets/js/main.js]
[html.vecurosoft.com/playrex/dark/index.html]
[html.vecurosoft.com/playrex/dark/assets/img/hero/hero-bg-2-1.jpg]
[html.vecurosoft.com/playrex/dark/assets/img/hero/hero-bg-2-2.jpg]
[html.vecurosoft.com/playrex/dark/assets/img/hero/hero-bg-2-3.jpg]
[html.vecurosoft.com/playrex/dark/assets/img/bg/body-bg-2-1.png]
[html.vecurosoft.com/playrex/dark/assets/img/about/ab-2-2.jpg]
[html.vecurosoft.com/playrex/dark/assets/img/about/about-2-3.png]
[html.vecurosoft.com/playrex/dark/assets/img/about/ab-2-1.jpg]
[html.vecurosoft.com/playrex/dark/assets/img/bg/match-bg-3-1.png]
[html.vecurosoft.com/playrex/dark/assets/img/bg/body-bg-2-2.jpg]
[html.vecurosoft.com/playrex/dark/assets/img/match/m-nav-1-1.jpg]
[html.vecurosoft.com/playrex/dark/assets/img/match/m-nav-1-2.jpg]
[html.vecurosoft.com/playrex/dark/assets/img/match/m-nav-1-3.jpg]
[html.vecurosoft.com/playrex/dark/assets/img/match/m-nav-1-4.jpg]
[html.vecurosoft.com/playrex/dark/assets/img/match/mt-4-1.jpg]
[html.vecurosoft.com/playrex/dark/assets/img/match/mt-4-2.jpg]
[html.vecurosoft.com/playrex/dark/assets/img/match/mt-4-3.jpg]
[html.vecurosoft.com/playrex/dark/assets/img/match/mt-4-4.jpg]
[html.vecurosoft.com/playrex/dark/assets/img/icon/counter-2-1.png]
[html.vecurosoft.com/playrex/dark/assets/img/icon/counter-2-2.png]
[html.vecurosoft.com/playrex/dark/assets/img/icon/counter-2-3.png]
[html.vecurosoft.com/playrex/dark/assets/img/icon/counter-2-4.png]
[html.vecurosoft.com/playrex/dark/assets/img/product/p-2-1.jpg]
[html.vecurosoft.com/playrex/dark/assets/img/product/p-2-2.jpg]
[html.vecurosoft.com/playrex/dark/assets/img/product/p-2-3.jpg]
[html.vecurosoft.com/playrex/dark/assets/img/product/p-2-4.jpg]
[html.vecurosoft.com/playrex/dark/assets/img/bg/body-bg-2-3.jpg]
[html.vecurosoft.com/playrex/dark/assets/img/player/player-2-1.png]
[html.vecurosoft.com/playrex/dark/assets/img/player/player-2-2.png]
[html.vecurosoft.com/playrex/dark/assets/img/player/player-2-3.png]
[html.vecurosoft.com/playrex/dark/assets/img/player/player-2-4.png]
[html.vecurosoft.com/playrex/dark/assets/img/player/player-2-5.png]
[html.vecurosoft.com/playrex/dark/assets/img/player/player-2-6.png]
[html.vecurosoft.com/playrex/dark/assets/img/bg/contact-bg-1-1.jpg]
[html.vecurosoft.com/playrex/dark/assets/img/gallery/gal-2-1.jpg]
[html.vecurosoft.com/playrex/dark/assets/img/gallery/gal-2-2.jpg]
[html.vecurosoft.com/playrex/dark/assets/img/gallery/gal-2-3.jpg]
[html.vecurosoft.com/playrex/dark/assets/img/gallery/gal-2-4.jpg]
[html.vecurosoft.com/playrex/dark/assets/img/gallery/gal-2-5.jpg]
[html.vecurosoft.com/playrex/dark/assets/img/gallery/gal-2-6.jpg]
[html.vecurosoft.com/playrex/dark/assets/img/bg/body-bg-2-4.jpg]
[html.vecurosoft.com/playrex/dark/assets/img/process/process-1-1.jpg]
[html.vecurosoft.com/playrex/dark/assets/img/icon/process-i-1-1.png]
[html.vecurosoft.com/playrex/dark/assets/img/process/process-1-2.jpg]
[html.vecurosoft.com/playrex/dark/assets/img/icon/process-i-1-2.png]
[html.vecurosoft.com/playrex/dark/assets/img/process/process-1-3.jpg]
[html.vecurosoft.com/playrex/dark/assets/img/icon/process-i-1-3.png]
[html.vecurosoft.com/playrex/dark/assets/img/icon/blockquote.png]
[html.vecurosoft.com/playrex/dark/assets/img/bg/footer-bg-2-1.jpg]
[html.vecurosoft.com/playrex/dark/index-2.html]
[html.vecurosoft.com/playrex/dark/assets/img/tournament/tournament-1-1.jpg]
[html.vecurosoft.com/playrex/dark/assets/img/tournament/tournament-1-2.jpg]
[html.vecurosoft.com/playrex/dark/assets/img/tournament/tournament-1-3.jpg]
[html.vecurosoft.com/playrex/dark/assets/img/tournament/tournament-1-4.jpg]
[html.vecurosoft.com/playrex/dark/assets/img/bg/tournament-bg-2-1.jpg]
[html.vecurosoft.com/playrex/dark/assets/img/icon/t-mobile-ic-1-1.png]
[html.vecurosoft.com/playrex/dark/assets/img/icon/t-windows-ic-1-1.png]
[html.vecurosoft.com/playrex/dark/assets/img/tournament/tournament-2-1.jpg]
[html.vecurosoft.com/playrex/dark/assets/img/tournament/tournament-2-2.jpg]
[html.vecurosoft.com/playrex/dark/assets/img/tournament/tournament-2-3.jpg]
[html.vecurosoft.com/playrex/dark/assets/img/bg/cta-bg-2-1.jpg]
[html.vecurosoft.com/playrex/dark/assets/img/cta/cta-1-1.png]
[html.vecurosoft.com/playrex/dark/assets/img/bg/body-bg-3-1.jpg]
[html.vecurosoft.com/playrex/dark/assets/img/product/p-3-1.png]
[html.vecurosoft.com/playrex/dark/assets/img/product/p-3-2.png]
[html.vecurosoft.com/playrex/dark/assets/img/product/p-3-3.png]
[html.vecurosoft.com/playrex/dark/assets/img/product/p-3-4.png]
[html.vecurosoft.com/playrex/dark/assets/img/product/p-3-5.png]
[html.vecurosoft.com/playrex/dark/assets/img/gallery/gal-1-1.jpg]
[html.vecurosoft.com/playrex/dark/assets/img/gallery/gal-1-2.jpg]
[html.vecurosoft.com/playrex/dark/assets/img/gallery/gal-1-3.jpg]
[html.vecurosoft.com/playrex/dark/assets/img/gallery/gal-1-4.jpg]
[html.vecurosoft.com/playrex/dark/assets/img/gallery/gal-1-5.jpg]
[html.vecurosoft.com/playrex/dark/assets/img/gallery/gal-1-6.jpg]
[html.vecurosoft.com/playrex/dark/assets/img/bg/video-bg-1-1.jpg]
[html.vecurosoft.com/playrex/dark/assets/img/shape/video-frame-1-1.png]
[html.vecurosoft.com/playrex/dark/assets/img/about/video-1-1.jpg]
[html.vecurosoft.com/playrex/dark/assets/img/about/video-1-2.jpg]
[html.vecurosoft.com/playrex/dark/assets/img/about/video-1-3.jpg]
[html.vecurosoft.com/playrex/dark/assets/img/about/video-1-4.jpg]
[html.vecurosoft.com/playrex/dark/assets/img/about/video-1-5.jpg]
[html.vecurosoft.com/playrex/dark/assets/img/about/v-t-1-1.jpg]
[html.vecurosoft.com/playrex/dark/assets/img/about/v-t-1-2.jpg]
[html.vecurosoft.com/playrex/dark/assets/img/about/v-t-1-3.jpg]
[html.vecurosoft.com/playrex/dark/assets/img/about/v-t-1-4.jpg]
[html.vecurosoft.com/playrex/dark/assets/img/about/v-t-1-5.jpg]
[html.vecurosoft.com/playrex/dark/assets/img/bg/body-bg-3-2.jpg]
[html.vecurosoft.com/playrex/dark/assets/img/blog/blog-2-1.jpg]
[html.vecurosoft.com/playrex/dark/assets/img/blog/blog-2-2.jpg]
[html.vecurosoft.com/playrex/dark/assets/img/blog/blog-2-3.jpg]
[html.vecurosoft.com/playrex/dark/assets/img/blog/blog-2-4.jpg]
[html.vecurosoft.com/playrex/dark/index-3.html]
[html.vecurosoft.com/playrex/light/assets/img/Logom1.png]
[html.vecurosoft.com/playrex/light/assets/css/app.min.css]
[html.vecurosoft.com/playrex/light/assets/css/fontawesome.min.css]
[html.vecurosoft.com/playrex/light/assets/css/style.css]
[html.vecurosoft.com/playrex/light/about.html]
[html.vecurosoft.com/playrex/light/match.html]
[html.vecurosoft.com/playrex/light/match-details.html]
[html.vecurosoft.com/playrex/light/team.html]
[html.vecurosoft.com/playrex/light/team-details.html]
[html.vecurosoft.com/playrex/light/price-plan.html]
[html.vecurosoft.com/playrex/light/blog.html]
[html.vecurosoft.com/playrex/light/blog-details.html]
[html.vecurosoft.com/playrex/light/player-details.html]
[html.vecurosoft.com/playrex/light/tournament-details.html]
[html.vecurosoft.com/playrex/light/faq.html]
[html.vecurosoft.com/playrex/light/shop.html]
[html.vecurosoft.com/playrex/light/shop-details.html]
[html.vecurosoft.com/playrex/light/cart.html]
[html.vecurosoft.com/playrex/light/checkout.html]
[html.vecurosoft.com/playrex/light/error.html]
[html.vecurosoft.com/playrex/light/contact.html]
[html.vecurosoft.com/playrex/light/assets/img/widget/gal-1-1.jpg]
[html.vecurosoft.com/playrex/light/assets/img/widget/gal-1-2.jpg]
[html.vecurosoft.com/playrex/light/assets/img/widget/gal-1-3.jpg]
[html.vecurosoft.com/playrex/light/assets/img/widget/gal-1-4.jpg]
[html.vecurosoft.com/playrex/light/assets/img/widget/gal-1-5.jpg]
[html.vecurosoft.com/playrex/light/assets/img/widget/gal-1-6.jpg]
[html.vecurosoft.com/playrex/light/assets/img/hero/hero-bg-1-1.jpg]
[html.vecurosoft.com/playrex/light/assets/img/hero/hero-bg-1-2.jpg]
[html.vecurosoft.com/playrex/light/assets/img/hero/hero-bg-1-3.jpg]
[html.vecurosoft.com/playrex/light/assets/img/match/mt-av-2-1.jpg]
[html.vecurosoft.com/playrex/light/assets/img/match/mt-av-2-2.jpg]
[html.vecurosoft.com/playrex/light/assets/img/match/mt-av-2-3.jpg]
[html.vecurosoft.com/playrex/light/assets/img/match/mt-av-2-4.jpg]
[html.vecurosoft.com/playrex/light/assets/img/match/mt-av-2-5.jpg]
[html.vecurosoft.com/playrex/light/assets/img/match/mt-av-2-6.jpg]
[html.vecurosoft.com/playrex/light/assets/img/match/mt-av-2-7.jpg]
[html.vecurosoft.com/playrex/light/assets/img/match/mt-av-2-8.jpg]
[html.vecurosoft.com/playrex/light/assets/img/match/game-nav-1-3.jpg]
[html.vecurosoft.com/playrex/light/assets/img/match/game-nav-1-2.jpg]
[html.vecurosoft.com/playrex/light/assets/img/match/game-nav-1-1.jpg]
[html.vecurosoft.com/playrex/light/assets/img/match/f-game-1-3.jpg]
[html.vecurosoft.com/playrex/light/assets/img/match/f-game-1-2.jpg]
[html.vecurosoft.com/playrex/light/assets/img/match/f-game-1-1.jpg]
[html.vecurosoft.com/playrex/light/assets/img/about/about-1-3.png]
[html.vecurosoft.com/playrex/light/assets/img/icon/check-icon.png]
[html.vecurosoft.com/playrex/light/assets/img/icon/counter-1-2.png]
[html.vecurosoft.com/playrex/light/assets/img/icon/counter-1-3.png]
[html.vecurosoft.com/playrex/light/assets/img/player/player-1-1.png]
[html.vecurosoft.com/playrex/light/assets/img/player/player-1-2.png]
[html.vecurosoft.com/playrex/light/assets/img/player/player-1-3.png]
[html.vecurosoft.com/playrex/light/assets/img/player/player-1-4.png]
[html.vecurosoft.com/playrex/light/assets/img/player/player-1-5.png]
[html.vecurosoft.com/playrex/light/assets/img/player/player-1-6.png]
[html.vecurosoft.com/playrex/light/assets/img/player/player-1-7.png]
[html.vecurosoft.com/playrex/light/assets/img/player/player-1-8.png]
[html.vecurosoft.com/playrex/light/assets/img/player/player-1-9.png]
[html.vecurosoft.com/playrex/light/assets/img/player/player-1-10.png]
[html.vecurosoft.com/playrex/light/assets/img/player/player-1-11.png]
[html.vecurosoft.com/playrex/light/assets/img/player/player-1-12.png]
[html.vecurosoft.com/playrex/light/assets/img/player/player-1-13.png]
[html.vecurosoft.com/playrex/light/assets/img/player/player-1-14.png]
[html.vecurosoft.com/playrex/light/assets/img/player/player-1-15.png]
[html.vecurosoft.com/playrex/light/assets/img/player/player-1-16.png]
[html.vecurosoft.com/playrex/light/assets/img/player/player-1-17.png]
[html.vecurosoft.com/playrex/light/assets/img/player/player-1-18.png]
[html.vecurosoft.com/playrex/light/assets/img/player/player-1-19.png]
[html.vecurosoft.com/playrex/light/assets/img/player/player-1-20.png]
[html.vecurosoft.com/playrex/light/assets/img/player/player-1-21.png]
[html.vecurosoft.com/playrex/light/assets/img/player/player-1-22.png]
[html.vecurosoft.com/playrex/light/assets/img/player/player-1-23.png]
[html.vecurosoft.com/playrex/light/assets/img/player/player-1-24.png]
[html.vecurosoft.com/playrex/light/assets/img/bg/cta-bg-1-1.jpg]
[html.vecurosoft.com/playrex/light/assets/img/blog/blog-1-1.jpg]
[html.vecurosoft.com/playrex/light/assets/img/blog/blog-1-2.jpg]
[html.vecurosoft.com/playrex/light/assets/img/blog/blog-1-3.jpg]
[html.vecurosoft.com/playrex/light/assets/img/blog/blog-1-4.jpg]
[html.vecurosoft.com/playrex/light/assets/img/bg/footer-bg-1-1.jpg]
[html.vecurosoft.com/playrex/light/assets/js/vendor/jquery-3.6.0.min.js]
[html.vecurosoft.com/playrex/light/assets/js/app.min.js]
[html.vecurosoft.com/playrex/light/assets/js/layerslider.utils.js]
[html.vecurosoft.com/playrex/light/assets/js/layerslider.transitions.js]
[html.vecurosoft.com/playrex/light/assets/js/layerslider.kreaturamedia.jquery.js]
[html.vecurosoft.com/playrex/light/assets/js/main.js]
[html.vecurosoft.com/playrex/light/index.html]
[html.vecurosoft.com/playrex/light/assets/img/hero/hero-bg-2-1.jpg]
[html.vecurosoft.com/playrex/light/assets/img/hero/hero-bg-2-2.jpg]
[html.vecurosoft.com/playrex/light/assets/img/hero/hero-bg-2-3.jpg]
[html.vecurosoft.com/playrex/light/assets/img/about/ab-2-2.jpg]
[html.vecurosoft.com/playrex/light/assets/img/about/about-2-3.png]
[html.vecurosoft.com/playrex/light/assets/img/about/ab-2-1.jpg]
[html.vecurosoft.com/playrex/light/assets/img/match/m-nav-1-1.jpg]
[html.vecurosoft.com/playrex/light/assets/img/match/m-nav-1-2.jpg]
[html.vecurosoft.com/playrex/light/assets/img/match/m-nav-1-3.jpg]
[html.vecurosoft.com/playrex/light/assets/img/match/m-nav-1-4.jpg]
[html.vecurosoft.com/playrex/light/assets/img/match/mt-4-1.jpg]
[html.vecurosoft.com/playrex/light/assets/img/match/mt-4-2.jpg]
[html.vecurosoft.com/playrex/light/assets/img/match/mt-4-3.jpg]
[html.vecurosoft.com/playrex/light/assets/img/match/mt-4-4.jpg]
[html.vecurosoft.com/playrex/light/assets/img/icon/counter-2-1.png]
[html.vecurosoft.com/playrex/light/assets/img/icon/counter-2-2.png]
[html.vecurosoft.com/playrex/light/assets/img/icon/counter-2-3.png]
[html.vecurosoft.com/playrex/light/assets/img/icon/counter-2-4.png]
[html.vecurosoft.com/playrex/light/assets/img/product/p-2-1.jpg]
[html.vecurosoft.com/playrex/light/assets/img/product/p-2-2.jpg]
[html.vecurosoft.com/playrex/light/assets/img/product/p-2-3.jpg]
[html.vecurosoft.com/playrex/light/assets/img/product/p-2-4.jpg]
[html.vecurosoft.com/playrex/light/assets/img/player/player-2-1.png]
[html.vecurosoft.com/playrex/light/assets/img/player/player-2-2.png]
[html.vecurosoft.com/playrex/light/assets/img/player/player-2-3.png]
[html.vecurosoft.com/playrex/light/assets/img/player/player-2-4.png]
[html.vecurosoft.com/playrex/light/assets/img/player/player-2-5.png]
[html.vecurosoft.com/playrex/light/assets/img/player/player-2-6.png]
[html.vecurosoft.com/playrex/light/assets/img/bg/contact-bg-1-1.jpg]
[html.vecurosoft.com/playrex/light/assets/img/gallery/gal-2-1.jpg]
[html.vecurosoft.com/playrex/light/assets/img/gallery/gal-2-2.jpg]
[html.vecurosoft.com/playrex/light/assets/img/gallery/gal-2-3.jpg]
[html.vecurosoft.com/playrex/light/assets/img/gallery/gal-2-4.jpg]
[html.vecurosoft.com/playrex/light/assets/img/gallery/gal-2-5.jpg]
[html.vecurosoft.com/playrex/light/assets/img/gallery/gal-2-6.jpg]
[html.vecurosoft.com/playrex/light/assets/img/process/process-1-1.jpg]
[html.vecurosoft.com/playrex/light/assets/img/icon/process-i-1-1.png]
[html.vecurosoft.com/playrex/light/assets/img/process/process-1-2.jpg]
[html.vecurosoft.com/playrex/light/assets/img/icon/process-i-1-2.png]
[html.vecurosoft.com/playrex/light/assets/img/process/process-1-3.jpg]
[html.vecurosoft.com/playrex/light/assets/img/icon/process-i-1-3.png]
[html.vecurosoft.com/playrex/light/assets/img/icon/blockquote.png]
[html.vecurosoft.com/playrex/light/assets/img/bg/footer-bg-2-1.jpg]
[html.vecurosoft.com/playrex/light/index-2.html]
[html.vecurosoft.com/playrex/light/assets/img/tournament/tournament-1-1.jpg]
[html.vecurosoft.com/playrex/light/assets/img/tournament/tournament-1-2.jpg]
[html.vecurosoft.com/playrex/light/assets/img/tournament/tournament-1-3.jpg]
[html.vecurosoft.com/playrex/light/assets/img/tournament/tournament-1-4.jpg]
[html.vecurosoft.com/playrex/light/assets/img/icon/t-mobile-ic-1-1.png]
[html.vecurosoft.com/playrex/light/assets/img/icon/t-windows-ic-1-1.png]
[html.vecurosoft.com/playrex/light/assets/img/tournament/tournament-2-1.jpg]
[html.vecurosoft.com/playrex/light/assets/img/tournament/tournament-2-2.jpg]
[html.vecurosoft.com/playrex/light/assets/img/tournament/tournament-2-3.jpg]
[html.vecurosoft.com/playrex/light/assets/img/bg/cta-bg-2-1.jpg]
[html.vecurosoft.com/playrex/light/assets/img/cta/cta-1-1.png]
[html.vecurosoft.com/playrex/light/assets/img/product/p-3-1.png]
[html.vecurosoft.com/playrex/light/assets/img/product/p-3-2.png]
[html.vecurosoft.com/playrex/light/assets/img/product/p-3-3.png]
[html.vecurosoft.com/playrex/light/assets/img/product/p-3-4.png]
[html.vecurosoft.com/playrex/light/assets/img/product/p-3-5.png]
[html.vecurosoft.com/playrex/light/assets/img/gallery/gal-1-1.jpg]
[html.vecurosoft.com/playrex/light/assets/img/gallery/gal-1-2.jpg]
[html.vecurosoft.com/playrex/light/assets/img/gallery/gal-1-3.jpg]
[html.vecurosoft.com/playrex/light/assets/img/gallery/gal-1-4.jpg]
[html.vecurosoft.com/playrex/light/assets/img/gallery/gal-1-5.jpg]
[html.vecurosoft.com/playrex/light/assets/img/gallery/gal-1-6.jpg]
[html.vecurosoft.com/playrex/light/assets/img/shape/video-frame-1-1.png]
[html.vecurosoft.com/playrex/light/assets/img/about/video-1-1.jpg]
[html.vecurosoft.com/playrex/light/assets/img/about/video-1-2.jpg]
[html.vecurosoft.com/playrex/light/assets/img/about/video-1-3.jpg]
[html.vecurosoft.com/playrex/light/assets/img/about/video-1-4.jpg]
[html.vecurosoft.com/playrex/light/assets/img/about/video-1-5.jpg]
[html.vecurosoft.com/playrex/light/assets/img/about/v-t-1-1.jpg]
[html.vecurosoft.com/playrex/light/assets/img/about/v-t-1-2.jpg]
[html.vecurosoft.com/playrex/light/assets/img/about/v-t-1-3.jpg]
[html.vecurosoft.com/playrex/light/assets/img/about/v-t-1-4.jpg]
[html.vecurosoft.com/playrex/light/assets/img/about/v-t-1-5.jpg]
[html.vecurosoft.com/playrex/light/assets/img/blog/blog-2-1.jpg]
[html.vecurosoft.com/playrex/light/assets/img/blog/blog-2-2.jpg]
[html.vecurosoft.com/playrex/light/assets/img/blog/blog-2-3.jpg]
[html.vecurosoft.com/playrex/light/assets/img/blog/blog-2-4.jpg]
[html.vecurosoft.com/playrex/light/index-3.html]
[html.vecurosoft.com/playrex/dark/assets/img/breadcumb/breadcumb-bg.jpg]
[html.vecurosoft.com/playrex/dark/assets/img/bg/page-ab-1-1.png]
[html.vecurosoft.com/playrex/dark/assets/img/icon/check-ic-1-1.png]
[html.vecurosoft.com/playrex/dark/assets/img/about/about-3-1.jpg]
[html.vecurosoft.com/playrex/dark/assets/img/bg/page-ab-1-2.jpg]
[html.vecurosoft.com/playrex/dark/about.html]
[html.vecurosoft.com/playrex/dark/price-plan.html]
[html.vecurosoft.com/playrex/dark/price-plan.jpg.html]
[html.vecurosoft.com/playrex/dark/team.html]
[html.vecurosoft.com/playrex/dark/assets/img/bg/team-d-bg-1-1.png]
[html.vecurosoft.com/playrex/dark/assets/img/team/logo-d-1-1.png]
[html.vecurosoft.com/playrex/dark/assets/img/team/team-d-1-1.jpg]
[html.vecurosoft.com/playrex/dark/assets/img/team/player-3-1.jpg]
[html.vecurosoft.com/playrex/dark/assets/img/team/player-3-2.jpg]
[html.vecurosoft.com/playrex/dark/assets/img/team/player-3-3.jpg]
[html.vecurosoft.com/playrex/dark/assets/img/team/player-3-4.jpg]
[html.vecurosoft.com/playrex/dark/assets/img/team/player-3-5.jpg]
[html.vecurosoft.com/playrex/dark/assets/img/team/player-3-6.jpg]
[html.vecurosoft.com/playrex/dark/team-details.html]
[html.vecurosoft.com/playrex/dark/assets/img/blog/blog-s-1-1.jpg]
[html.vecurosoft.com/playrex/dark/assets/img/blog/author-1-1.png]
[html.vecurosoft.com/playrex/dark/assets/img/blog/blog-s-1-2.jpg]
[html.vecurosoft.com/playrex/dark/assets/img/blog/blog-s-1-3.jpg]
[html.vecurosoft.com/playrex/dark/assets/img/blog/blog-s-1-4.jpg]
[html.vecurosoft.com/playrex/dark/blog.html]
[html.vecurosoft.com/playrex/dark/assets/img/blog/blog-d-1-1.jpg]
[html.vecurosoft.com/playrex/dark/assets/img/blog/blog-d-1-2.jpg]
[html.vecurosoft.com/playrex/dark/assets/img/blog/blog-d-1-3.jpg]
[html.vecurosoft.com/playrex/dark/assets/img/blog/comment-author-1.jpg]
[html.vecurosoft.com/playrex/dark/assets/img/blog/comment-author-2.jpg]
[html.vecurosoft.com/playrex/dark/blog-details.html]
[html.vecurosoft.com/playrex/dark/assets/img/blog/comment-author-3.jpg]
[html.vecurosoft.com/playrex/dark/assets/img/bg/player-d-bg-1-1.png]
[html.vecurosoft.com/playrex/dark/assets/img/team/player-d-1-1.png]
[html.vecurosoft.com/playrex/dark/assets/img/player/player-d-1-2.jpg]
[html.vecurosoft.com/playrex/dark/assets/img/player/player-d-1-3.jpg]
[html.vecurosoft.com/playrex/dark/player-details.html]
[html.vecurosoft.com/playrex/dark/assets/img/tournament/tour-d-1-1.jpg]
[html.vecurosoft.com/playrex/dark/tournament-details.html]
[html.vecurosoft.com/playrex/dark/assets/img/bg/contact-p-bg-1-1.png]
[html.vecurosoft.com/playrex/dark/faq.html]
[html.vecurosoft.com/playrex/dark/assets/img/about/faq-img-1-1.jpg]
[html.vecurosoft.com/playrex/dark/match.html]
[html.vecurosoft.com/playrex/dark/assets/img/bg/match-d-bg-1-1.png]
[html.vecurosoft.com/playrex/dark/assets/img/match/match-d-1-1.jpg]
[html.vecurosoft.com/playrex/dark/assets/img/match/match-d-1-2.jpg]
[html.vecurosoft.com/playrex/dark/assets/img/match/match-d-1-3.jpg]
[html.vecurosoft.com/playrex/dark/assets/img/match/match-d-1-4.jpg]
[html.vecurosoft.com/playrex/dark/assets/img/match/match-d-1-5.jpg]
[html.vecurosoft.com/playrex/dark/match-details.html]
[html.vecurosoft.com/playrex/dark/assets/img/icon/contact-1-3.png]
[html.vecurosoft.com/playrex/dark/contact.html]
[html.vecurosoft.com/playrex/dark/assets/img/product/p-3-6.png]
[html.vecurosoft.com/playrex/dark/assets/img/product/p-3-7.png]
[html.vecurosoft.com/playrex/dark/assets/img/product/p-3-8.png]
[html.vecurosoft.com/playrex/dark/shop.html]
[html.vecurosoft.com/playrex/dark/assets/img/bg/product-p-bg-1-1.png]
[html.vecurosoft.com/playrex/dark/assets/img/product/product-d-1-1.png]
[html.vecurosoft.com/playrex/dark/assets/img/product/product-d-1-2.jpg]
[html.vecurosoft.com/playrex/dark/assets/img/product/product-d-1-3.jpg]
[html.vecurosoft.com/playrex/dark/assets/img/product/product-d-1-4.jpg]
[html.vecurosoft.com/playrex/dark/shop-details.html]
[html.vecurosoft.com/playrex/dark/assets/img/cart/cart-img-1-1.png]
[html.vecurosoft.com/playrex/dark/assets/img/cart/cart-img-1-2.png]
[html.vecurosoft.com/playrex/dark/cart.html]
[html.vecurosoft.com/playrex/dark/assets/img/cart/cart-img-1-4.png]
[html.vecurosoft.com/playrex/dark/assets/img/cart/all.jpg]
[html.vecurosoft.com/playrex/dark/assets/img/cart/paypal.jpg]
[html.vecurosoft.com/playrex/dark/checkout.html]
[html.vecurosoft.com/playrex/dark/assets/img/bg/bg-error.jpg]
[html.vecurosoft.com/playrex/dark/error.html]
[html.vecurosoft.com/playrex/dark/assets/css/app.min.css]
[html.vecurosoft.com/playrex/dark/assets/fonts/fa-brands-400.eot]
[html.vecurosoft.com/playrex/dark/assets/fonts/fa-brands-400d41d.eot]
[html.vecurosoft.com/playrex/dark/assets/fonts/fa-brands-400.woff2]
[html.vecurosoft.com/playrex/dark/assets/fonts/fa-brands-400.woff]
[html.vecurosoft.com/playrex/dark/assets/fonts/fa-brands-400.ttf]
[html.vecurosoft.com/playrex/dark/assets/fonts/fa-duotone-900.eot]
[html.vecurosoft.com/playrex/dark/assets/fonts/fa-duotone-900d41d.eot]
[html.vecurosoft.com/playrex/dark/assets/fonts/fa-duotone-900.woff2]
[html.vecurosoft.com/playrex/dark/assets/fonts/fa-duotone-900.woff]
[html.vecurosoft.com/playrex/dark/assets/fonts/fa-duotone-900.ttf]
[html.vecurosoft.com/playrex/dark/assets/fonts/fa-light-300.eot]
[html.vecurosoft.com/playrex/dark/assets/fonts/fa-light-300d41d.eot]
[html.vecurosoft.com/playrex/dark/assets/fonts/fa-light-300.woff2]
[html.vecurosoft.com/playrex/dark/assets/fonts/fa-light-300.woff]
[html.vecurosoft.com/playrex/dark/assets/fonts/fa-light-300.ttf]
[html.vecurosoft.com/playrex/dark/assets/fonts/fa-regular-400.eot]
[html.vecurosoft.com/playrex/dark/assets/fonts/fa-regular-400d41d.eot]
[html.vecurosoft.com/playrex/dark/assets/fonts/fa-regular-400.woff2]
[html.vecurosoft.com/playrex/dark/assets/fonts/fa-regular-400.woff]
[html.vecurosoft.com/playrex/dark/assets/fonts/fa-regular-400.ttf]
[html.vecurosoft.com/playrex/dark/assets/fonts/fa-solid-900.eot]
[html.vecurosoft.com/playrex/dark/assets/fonts/fa-solid-900d41d.eot]
[html.vecurosoft.com/playrex/dark/assets/fonts/fa-solid-900.woff2]
[html.vecurosoft.com/playrex/dark/assets/fonts/fa-solid-900.woff]
[html.vecurosoft.com/playrex/dark/assets/fonts/fa-solid-900.ttf]
[html.vecurosoft.com/playrex/dark/assets/css/fontawesome.min.css]
[html.vecurosoft.com/playrex/dark/assets/css/style.css]
[html.vecurosoft.com/playrex/dark/assets/img/logo-loader.svg]
[html.vecurosoft.com/playrex/dark/assets/img/logo.svg]
[html.vecurosoft.com/playrex/dark/assets/img/logo-2.svg]
[html.vecurosoft.com/playrex/dark/tournament.html]
[html.vecurosoft.com/playrex/dark/assets/img/match/logo-2-1.svg]
[html.vecurosoft.com/playrex/dark/assets/img/match/logo-2-2.svg]
[html.vecurosoft.com/playrex/dark/assets/img/match/logo-2-3.svg]
[html.vecurosoft.com/playrex/dark/assets/img/match/logo-2-4.svg]
[html.vecurosoft.com/playrex/dark/assets/img/match/logo-2-5.svg]
[html.vecurosoft.com/playrex/dark/assets/img/match/logo-2-6.svg]
[html.vecurosoft.com/playrex/dark/assets/img/about/about-1-1.svg]
[html.vecurosoft.com/playrex/dark/assets/img/about/about-1-2.svg]
[html.vecurosoft.com/playrex/dark/assets/img/team/t-logo-1-1.svg]
[html.vecurosoft.com/playrex/dark/assets/img/team/t-logo-1-2.svg]
[html.vecurosoft.com/playrex/dark/assets/img/team/t-logo-1-3.svg]
[html.vecurosoft.com/playrex/dark/assets/img/team/t-logo-1-4.svg]
[html.vecurosoft.com/playrex/dark/assets/img/team/t-logo-1-5.svg]
[html.vecurosoft.com/playrex/dark/assets/img/team/t-logo-1-6.svg]
[html.vecurosoft.com/playrex/dark/matchdaythree.html]
[html.vecurosoft.com/playrex/dark/assets/img/match/logo-1-1.svg]
[html.vecurosoft.com/playrex/dark/assets/img/match/logo-1-2.svg]
[html.vecurosoft.com/playrex/dark/assets/img/match/logo-1-3.svg]
[html.vecurosoft.com/playrex/dark/assets/img/match/logo-1-4.svg]
[html.vecurosoft.com/playrex/dark/assets/img/match/logo-1-5.svg]
[html.vecurosoft.com/playrex/dark/assets/img/match/logo-1-6.svg]
[html.vecurosoft.com/playrex/dark/assets/img/match/logo-1-7.svg]
[html.vecurosoft.com/playrex/dark/assets/img/match/logo-1-8.svg]
[html.vecurosoft.com/playrex/dark/assets/img/match/logo-1-9.svg]
[html.vecurosoft.com/playrex/dark/assets/img/match/logo-1-10.svg]
[html.vecurosoft.com/playrex/dark/assets/img/logo-3.svg]
[html.vecurosoft.com/playrex/dark/assets/img/team/t-logo-2-1.svg]
[html.vecurosoft.com/playrex/dark/assets/img/team/t-logo-2-2.svg]
[html.vecurosoft.com/playrex/dark/assets/img/team/t-logo-2-3.svg]
[html.vecurosoft.com/playrex/dark/assets/img/team/t-logo-2-4.svg]
[html.vecurosoft.com/playrex/dark/assets/img/match/logo-2-7.svg]
[html.vecurosoft.com/playrex/dark/assets/img/match/logo-2-8.svg]
[html.vecurosoft.com/playrex/dark/assets/img/team/p-t-2-1.svg]
[html.vecurosoft.com/playrex/dark/assets/img/team/p-t-2-2.svg]
[html.vecurosoft.com/playrex/dark/assets/img/team/p-t-2-3.svg]
[html.vecurosoft.com/playrex/dark/assets/img/team/p-t-2-4.svg]
[html.vecurosoft.com/playrex/dark/assets/img/team/p-t-2-5.svg]
[html.vecurosoft.com/playrex/dark/assets/img/team/p-t-2-6.svg]
[html.vecurosoft.com/playrex/dark/assets/img/brand/brand-1-1.svg]
[html.vecurosoft.com/playrex/dark/assets/img/brand/brand-1-2.svg]
[html.vecurosoft.com/playrex/dark/assets/img/brand/brand-1-3.svg]
[html.vecurosoft.com/playrex/dark/assets/img/brand/brand-1-4.svg]
[html.vecurosoft.com/playrex/dark/assets/img/brand/brand-1-5.svg]
[html.vecurosoft.com/playrex/dark/assets/img/brand/brand-1-6.svg]
[html.vecurosoft.com/playrex/dark/assets/img/brand/brand-1-7.svg]
[html.vecurosoft.com/playrex/dark/assets/img/match/logo-4-1.svg]
[html.vecurosoft.com/playrex/dark/assets/img/match/logo-4-5.svg]
[html.vecurosoft.com/playrex/dark/assets/img/match/logo-4-2.svg]
[html.vecurosoft.com/playrex/dark/assets/img/match/logo-4-6.svg]
[html.vecurosoft.com/playrex/dark/assets/img/match/logo-4-3.svg]
[html.vecurosoft.com/playrex/dark/assets/img/match/logo-4-7.svg]
[html.vecurosoft.com/playrex/dark/assets/img/match/logo-4-4.svg]
[html.vecurosoft.com/playrex/dark/assets/img/match/logo-4-8.svg]
[html.vecurosoft.com/playrex/light/assets/css/app.min.css]
[html.vecurosoft.com/playrex/light/assets/fonts/fa-brands-400.eot]
[html.vecurosoft.com/playrex/light/assets/fonts/fa-brands-400d41d.eot]
[html.vecurosoft.com/playrex/light/assets/fonts/fa-brands-400.woff2]
[html.vecurosoft.com/playrex/light/assets/fonts/fa-brands-400.woff]
[html.vecurosoft.com/playrex/light/assets/fonts/fa-brands-400.ttf]
[html.vecurosoft.com/playrex/light/assets/fonts/fa-duotone-900.eot]
[html.vecurosoft.com/playrex/light/assets/fonts/fa-duotone-900d41d.eot]
[html.vecurosoft.com/playrex/light/assets/fonts/fa-duotone-900.woff2]
[html.vecurosoft.com/playrex/light/assets/fonts/fa-duotone-900.woff]
[html.vecurosoft.com/playrex/light/assets/fonts/fa-duotone-900.ttf]
[html.vecurosoft.com/playrex/light/assets/fonts/fa-light-300.eot]
[html.vecurosoft.com/playrex/light/assets/fonts/fa-light-300d41d.eot]
[html.vecurosoft.com/playrex/light/assets/fonts/fa-light-300.woff2]
[html.vecurosoft.com/playrex/light/assets/fonts/fa-light-300.woff]
[html.vecurosoft.com/playrex/light/assets/fonts/fa-light-300.ttf]
[html.vecurosoft.com/playrex/light/assets/fonts/fa-regular-400.eot]
[html.vecurosoft.com/playrex/light/assets/fonts/fa-regular-400d41d.eot]
[html.vecurosoft.com/playrex/light/assets/fonts/fa-regular-400.woff2]
[html.vecurosoft.com/playrex/light/assets/fonts/fa-regular-400.woff]
[html.vecurosoft.com/playrex/light/assets/fonts/fa-regular-400.ttf]
[html.vecurosoft.com/playrex/light/assets/fonts/fa-solid-900.eot]
[html.vecurosoft.com/playrex/light/assets/fonts/fa-solid-900d41d.eot]
[html.vecurosoft.com/playrex/light/assets/fonts/fa-solid-900.woff2]
[html.vecurosoft.com/playrex/light/assets/fonts/fa-solid-900.woff]
[html.vecurosoft.com/playrex/light/assets/fonts/fa-solid-900.ttf]
[html.vecurosoft.com/playrex/light/assets/css/fontawesome.min.css]
[html.vecurosoft.com/playrex/light/assets/css/style.css]
[html.vecurosoft.com/playrex/light/assets/img/logo-loader.svg]
[html.vecurosoft.com/playrex/light/assets/img/logo-dark.svg]
[html.vecurosoft.com/playrex/light/assets/img/breadcumb/breadcumb-bg.jpg]
[html.vecurosoft.com/playrex/light/assets/img/icon/check-ic-1-1.png]
[html.vecurosoft.com/playrex/light/assets/img/about/about-3-1.jpg]
[html.vecurosoft.com/playrex/light/about.html]
[html.vecurosoft.com/playrex/light/match.html]
[html.vecurosoft.com/playrex/light/assets/img/match/match-d-1-1.jpg]
[html.vecurosoft.com/playrex/light/assets/img/match/match-d-1-2.jpg]
[html.vecurosoft.com/playrex/light/assets/img/match/match-d-1-3.jpg]
[html.vecurosoft.com/playrex/light/assets/img/match/match-d-1-4.jpg]
[html.vecurosoft.com/playrex/light/assets/img/match/match-d-1-5.jpg]
[html.vecurosoft.com/playrex/light/assets/img/blog/comment-author-1.jpg]
[html.vecurosoft.com/playrex/light/assets/img/blog/comment-author-2.jpg]
[html.vecurosoft.com/playrex/light/assets/img/blog/comment-author-3.jpg]
[html.vecurosoft.com/playrex/light/match-details.html]
[html.vecurosoft.com/playrex/light/team.html]
[html.vecurosoft.com/playrex/light/assets/img/team/logo-d-1-1.png]
[html.vecurosoft.com/playrex/light/assets/img/team/team-d-1-1.jpg]
[html.vecurosoft.com/playrex/light/assets/img/team/player-3-1.jpg]
[html.vecurosoft.com/playrex/light/assets/img/team/player-3-2.jpg]
[html.vecurosoft.com/playrex/light/assets/img/team/player-3-3.jpg]
[html.vecurosoft.com/playrex/light/assets/img/team/player-3-4.jpg]
[html.vecurosoft.com/playrex/light/assets/img/team/player-3-5.jpg]
[html.vecurosoft.com/playrex/light/assets/img/team/player-3-6.jpg]
[html.vecurosoft.com/playrex/light/team-details.html]
[html.vecurosoft.com/playrex/light/price-plan.html]
[html.vecurosoft.com/playrex/light/assets/img/blog/blog-s-1-1.jpg]
[html.vecurosoft.com/playrex/light/assets/img/blog/author-1-1.png]
[html.vecurosoft.com/playrex/light/assets/img/blog/blog-s-1-2.jpg]
[html.vecurosoft.com/playrex/light/assets/img/blog/blog-s-1-3.jpg]
[html.vecurosoft.com/playrex/light/assets/img/blog/blog-s-1-4.jpg]
[html.vecurosoft.com/playrex/light/blog.html]
[html.vecurosoft.com/playrex/light/assets/img/blog/blog-d-1-1.jpg]
[html.vecurosoft.com/playrex/light/assets/img/blog/blog-d-1-2.jpg]
[html.vecurosoft.com/playrex/light/assets/img/blog/blog-d-1-3.jpg]
[html.vecurosoft.com/playrex/light/blog-details.html]
[html.vecurosoft.com/playrex/light/assets/img/team/player-d-1-1.png]
[html.vecurosoft.com/playrex/light/assets/img/player/player-d-1-2.jpg]
[html.vecurosoft.com/playrex/light/assets/img/player/player-d-1-3.jpg]
[html.vecurosoft.com/playrex/light/player-details.html]
[html.vecurosoft.com/playrex/light/assets/img/tournament/tour-d-1-1.jpg]
[html.vecurosoft.com/playrex/light/tournament-details.html]
[html.vecurosoft.com/playrex/light/assets/img/about/faq-img-1-1.jpg]
[html.vecurosoft.com/playrex/light/faq.html]
[html.vecurosoft.com/playrex/light/assets/img/product/p-3-6.png]
[html.vecurosoft.com/playrex/light/assets/img/product/p-3-7.png]
[html.vecurosoft.com/playrex/light/assets/img/product/p-3-8.png]
[html.vecurosoft.com/playrex/light/shop.html]
[html.vecurosoft.com/playrex/light/assets/img/product/product-d-1-1.png]
[html.vecurosoft.com/playrex/light/assets/img/product/product-d-1-2.jpg]
[html.vecurosoft.com/playrex/light/assets/img/product/product-d-1-3.jpg]
[html.vecurosoft.com/playrex/light/assets/img/product/product-d-1-4.jpg]
[html.vecurosoft.com/playrex/light/shop-details.html]
[html.vecurosoft.com/playrex/light/assets/img/cart/cart-img-1-1.png]
[html.vecurosoft.com/playrex/light/assets/img/cart/cart-img-1-2.png]
[html.vecurosoft.com/playrex/light/assets/img/cart/cart-img-1-4.png]
[html.vecurosoft.com/playrex/light/cart.html]
[html.vecurosoft.com/playrex/light/assets/img/cart/all.jpg]
[html.vecurosoft.com/playrex/light/checkout.html]
[html.vecurosoft.com/playrex/light/assets/img/cart/paypal.jpg]
[html.vecurosoft.com/playrex/light/assets/img/bg/bg-error.jpg]
[html.vecurosoft.com/playrex/light/error.html]
[html.vecurosoft.com/playrex/light/assets/img/icon/contact-1-3.png]
[html.vecurosoft.com/playrex/light/contact.html]
[html.vecurosoft.com/playrex/light/assets/img/logo-2-dark.svg]
[html.vecurosoft.com/playrex/light/tournament.html]
[html.vecurosoft.com/playrex/light/assets/img/match/logo-2-1.svg]
[html.vecurosoft.com/playrex/light/assets/img/match/logo-2-2.svg]
[html.vecurosoft.com/playrex/light/assets/img/match/logo-2-3.svg]
[html.vecurosoft.com/playrex/light/assets/img/match/logo-2-4.svg]
[html.vecurosoft.com/playrex/light/assets/img/match/logo-2-5.svg]
[html.vecurosoft.com/playrex/light/assets/img/match/logo-2-6.svg]
[html.vecurosoft.com/playrex/light/assets/img/about/about-1-1-dark.svg]
[html.vecurosoft.com/playrex/light/assets/img/about/about-1-2-dark.svg]
[html.vecurosoft.com/playrex/light/assets/img/team/t-logo-1-1.svg]
[html.vecurosoft.com/playrex/light/assets/img/team/t-logo-1-2.svg]
[html.vecurosoft.com/playrex/light/assets/img/team/t-logo-1-3.svg]
[html.vecurosoft.com/playrex/light/assets/img/team/t-logo-1-4.svg]
[html.vecurosoft.com/playrex/light/assets/img/team/t-logo-1-5.svg]
[html.vecurosoft.com/playrex/light/assets/img/team/t-logo-1-6.svg]
[html.vecurosoft.com/playrex/light/matchdaythree.html]
[html.vecurosoft.com/playrex/light/assets/img/match/logo-1-1.svg]
[html.vecurosoft.com/playrex/light/assets/img/match/logo-1-2.svg]
[html.vecurosoft.com/playrex/light/assets/img/match/logo-1-3.svg]
[html.vecurosoft.com/playrex/light/assets/img/match/logo-1-4.svg]
[html.vecurosoft.com/playrex/light/assets/img/match/logo-1-5.svg]
[html.vecurosoft.com/playrex/light/assets/img/match/logo-1-6.svg]
[html.vecurosoft.com/playrex/light/assets/img/match/logo-1-7.svg]
[html.vecurosoft.com/playrex/light/assets/img/match/logo-1-8.svg]
[html.vecurosoft.com/playrex/light/assets/img/match/logo-1-9.svg]
[html.vecurosoft.com/playrex/light/assets/img/match/logo-1-10.svg]
[html.vecurosoft.com/playrex/light/assets/img/logo-2.svg]
[html.vecurosoft.com/playrex/light/assets/img/logo-3.svg]
[html.vecurosoft.com/playrex/light/assets/img/team/t-logo-2-1.svg]
[html.vecurosoft.com/playrex/light/assets/img/team/t-logo-2-2.svg]
[html.vecurosoft.com/playrex/light/assets/img/team/t-logo-2-3.svg]
[html.vecurosoft.com/playrex/light/assets/img/team/t-logo-2-4.svg]
[html.vecurosoft.com/playrex/light/assets/img/match/logo-2-7.svg]
[html.vecurosoft.com/playrex/light/assets/img/match/logo-2-8.svg]
[html.vecurosoft.com/playrex/light/assets/img/team/p-t-2-1.svg]
[html.vecurosoft.com/playrex/light/assets/img/team/p-t-2-2.svg]
[html.vecurosoft.com/playrex/light/assets/img/team/p-t-2-3.svg]
[html.vecurosoft.com/playrex/light/assets/img/team/p-t-2-4.svg]
[html.vecurosoft.com/playrex/light/assets/img/team/p-t-2-5.svg]
[html.vecurosoft.com/playrex/light/assets/img/team/p-t-2-6.svg]
[html.vecurosoft.com/playrex/light/assets/img/brand/brand-1-1-dark.svg]
[html.vecurosoft.com/playrex/light/assets/img/brand/brand-1-2.svg]
[html.vecurosoft.com/playrex/light/assets/img/brand/brand-1-3.svg]
[html.vecurosoft.com/playrex/light/assets/img/brand/brand-1-4.svg]
[html.vecurosoft.com/playrex/light/assets/img/brand/brand-1-5-dark.svg]
[html.vecurosoft.com/playrex/light/assets/img/brand/brand-1-6.svg]
[html.vecurosoft.com/playrex/light/assets/img/brand/brand-1-7.svg]
[html.vecurosoft.com/playrex/light/assets/img/match/logo-4-1.svg]
[html.vecurosoft.com/playrex/light/assets/img/match/logo-4-5.svg]
[html.vecurosoft.com/playrex/light/assets/img/match/logo-4-2.svg]
[html.vecurosoft.com/playrex/light/assets/img/match/logo-4-6.svg]
[html.vecurosoft.com/playrex/light/assets/img/match/logo-4-3.svg]
[html.vecurosoft.com/playrex/light/assets/img/match/logo-4-7.svg]
[html.vecurosoft.com/playrex/light/assets/img/match/logo-4-4.svg]
[html.vecurosoft.com/playrex/light/assets/img/match/logo-4-8.svg]
[html.vecurosoft.com/playrex/dark/assets/img/icon/fe-1-1.svg]
[html.vecurosoft.com/playrex/dark/assets/img/icon/fe-1-2.svg]
[html.vecurosoft.com/playrex/dark/assets/img/icon/fe-1-3.svg]
[html.vecurosoft.com/playrex/dark/assets/img/icon/fe-1-4.svg]
[html.vecurosoft.com/playrex/dark/assets/img/icon/cup-1-1.svg]
[html.vecurosoft.com/playrex/dark/assets/img/tournament/tournament-5-1.svg]
[html.vecurosoft.com/playrex/dark/assets/img/tournament/tournament-5-2.svg]
[html.vecurosoft.com/playrex/dark/assets/img/tournament/tournament-5-3.svg]
[html.vecurosoft.com/playrex/dark/assets/img/tournament/tournament-5-4.svg]
[html.vecurosoft.com/playrex/dark/assets/img/team/t-logo-2-5.svg]
[html.vecurosoft.com/playrex/dark/assets/img/team/t-logo-2-6.svg]
[html.vecurosoft.com/playrex/dark/assets/img/team/player-d-logo-1.svg]
[html.vecurosoft.com/playrex/dark/assets/img/icon/contact-1-1.svg]
[html.vecurosoft.com/playrex/dark/assets/img/icon/contact-1-2.svg]
[html.vecurosoft.com/playrex/dark/shop-detailis.html]
[html.vecurosoft.com/playrex/dark/assets/fonts/fa-brands-400.svg]
[html.vecurosoft.com/playrex/dark/assets/fonts/fa-duotone-900.svg]
[html.vecurosoft.com/playrex/dark/assets/fonts/fa-light-300.svg]
[html.vecurosoft.com/playrex/dark/assets/fonts/fa-regular-400.svg]
[html.vecurosoft.com/playrex/dark/assets/fonts/fa-solid-900.svg]
[html.vecurosoft.com/playrex/light/assets/fonts/fa-brands-400.svg]
[html.vecurosoft.com/playrex/light/assets/fonts/fa-duotone-900.svg]
[html.vecurosoft.com/playrex/light/assets/fonts/fa-light-300.svg]
[html.vecurosoft.com/playrex/light/assets/fonts/fa-regular-400.svg]
[html.vecurosoft.com/playrex/light/assets/fonts/fa-solid-900.svg]
[html.vecurosoft.com/playrex/light/assets/img/icon/fe-1-1.svg]
[html.vecurosoft.com/playrex/light/assets/img/icon/fe-1-2.svg]
[html.vecurosoft.com/playrex/light/assets/img/icon/fe-1-3.svg]
[html.vecurosoft.com/playrex/light/assets/img/icon/fe-1-4.svg]
[html.vecurosoft.com/playrex/light/assets/img/icon/cup-1-1.svg]
[html.vecurosoft.com/playrex/light/assets/img/tournament/tournament-5-1.svg]
[html.vecurosoft.com/playrex/light/assets/img/tournament/tournament-5-2.svg]
[html.vecurosoft.com/playrex/light/assets/img/tournament/tournament-5-3.svg]
[html.vecurosoft.com/playrex/light/assets/img/tournament/tournament-5-4.svg]
[html.vecurosoft.com/playrex/light/assets/img/team/t-logo-2-5.svg]
[html.vecurosoft.com/playrex/light/assets/img/team/t-logo-2-6.svg]
[html.vecurosoft.com/playrex/light/assets/img/team/player-d-logo-1.svg]
[html.vecurosoft.com/playrex/light/shop-detailis.html]
[html.vecurosoft.com/playrex/light/assets/img/icon/contact-1-1.svg]
[html.vecurosoft.com/playrex/light/assets/img/icon/contact-1-2.svg]
